multiprocessing.pool.RemoteTraceback: 
"""
Traceback (most recent call last):
  File "/N/u/zkachwal/Carbonate/miniconda3/lib/python3.7/multiprocessing/pool.py", line 121, in worker
    result = (True, func(*args, **kwds))
  File "create_fred.py", line 801, in compileClaimGraph1
    claim_g=cleanClaimGraph(claim_g,clean_claims[str(claim_ID)])
  File "create_fred.py", line 779, in cleanClaimGraph
    claim_g.remove(*edge)
AttributeError: 'Graph' object has no attribute 'remove'
"""

The above exception was the direct cause of the following exception:

Traceback (most recent call last):
  File "create_fred.py", line 968, in <module>
    createFred(args.rdfpath,args.graphpath,args.fcgtype,args.init,args.passive,args.cpu,args.compilefred)
  File "create_fred.py", line 918, in createFred
    output=sorted([p.get() for p in results],key=lambda x:x[0])
  File "create_fred.py", line 918, in <listcomp>
    output=sorted([p.get() for p in results],key=lambda x:x[0])
  File "/N/u/zkachwal/Carbonate/miniconda3/lib/python3.7/multiprocessing/pool.py", line 657, in get
    raise self._value
AttributeError: 'Graph' object has no attribute 'remove'

real	3m27.875s
user	0m2.876s
sys	0m2.844s
multiprocessing.pool.RemoteTraceback: 
"""
Traceback (most recent call last):
  File "/N/u/zkachwal/Carbonate/miniconda3/lib/python3.7/multiprocessing/pool.py", line 121, in worker
    result = (True, func(*args, **kwds))
  File "create_fred.py", line 801, in compileClaimGraph1
    claim_g=cleanClaimGraph(claim_g,clean_claims[str(claim_ID)])
  File "create_fred.py", line 779, in cleanClaimGraph
    claim_g.remove(*edge)
AttributeError: 'Graph' object has no attribute 'remove'
"""

The above exception was the direct cause of the following exception:

Traceback (most recent call last):
  File "create_fred.py", line 968, in <module>
    createFred(args.rdfpath,args.graphpath,args.fcgtype,args.init,args.passive,args.cpu,args.compilefred)
  File "create_fred.py", line 918, in createFred
    output=sorted([p.get() for p in results],key=lambda x:x[0])
  File "create_fred.py", line 918, in <listcomp>
    output=sorted([p.get() for p in results],key=lambda x:x[0])
  File "/N/u/zkachwal/Carbonate/miniconda3/lib/python3.7/multiprocessing/pool.py", line 657, in get
    raise self._value
AttributeError: 'Graph' object has no attribute 'remove'

real	3m18.105s
user	0m3.168s
sys	0m2.444s

real	3m19.560s
user	0m7.392s
sys	0m1.892s

real	3m24.633s
user	0m57.240s
sys	0m8.860s

real	2m19.422s
user	0m1.844s
sys	0m1.228s

real	2m4.772s
user	0m4.580s
sys	0m1.248s

real	2m18.829s
user	0m6.080s
sys	0m1.216s

real	2m16.649s
user	0m0.848s
sys	0m1.252s

2019-11-18 23:42:00.784978:
    metric: ultrametric
    edges:  undirected
    weight: logdegree
    nodes:  tfcg1/data/tfcg1_nodes.txt
    graph:  tfcg1/data/tfcg1_edgelistID.npy
    input:  tfcg1/data/intersect_all_entityPairs_dbpedia_fred1_tfcg1_IDs_klformat.txt
    output: tfcg1/data/intersect_all_entityPairs_dbpedia_fred1_tfcg1_IDs.json
2019-11-18 23:42:00.785339: reading nodes from text file..
2019-11-18 23:42:00.968866: reading graph from text file..
2019-11-18 23:42:01.161127: reading input..
2019-11-18 23:42:02.185733: launching pool of 48 workers.
2019-11-19 00:03:23.204333: done

2019-11-19 00:07:58.467935:
    metric: ultrametric
    edges:  undirected
    weight: logdegree
    nodes:  ffcg1/data/ffcg1_nodes.txt
    graph:  ffcg1/data/ffcg1_edgelistID.npy
    input:  ffcg1/data/intersect_all_entityPairs_dbpedia_fred1_ffcg1_IDs_klformat.txt
    output: ffcg1/data/intersect_all_entityPairs_dbpedia_fred1_ffcg1_IDs.json
2019-11-19 00:07:58.468213: reading nodes from text file..
2019-11-19 00:07:58.720458: reading graph from text file..
2019-11-19 00:07:58.825542: reading input..
2019-11-19 00:07:59.884982: launching pool of 48 workers.
2019-11-19 00:58:56.558254: done

2019-11-19 01:06:40.517898:
    metric: ultrametric
    edges:  undirected
    weight: logdegree
    nodes:  ufcg1/data/ufcg1_nodes.txt
    graph:  ufcg1/data/ufcg1_edgelistID.npy
    input:  ufcg1/data/intersect_all_entityPairs_dbpedia_fred1_ufcg1_IDs_klformat.txt
    output: ufcg1/data/intersect_all_entityPairs_dbpedia_fred1_ufcg1_IDs.json
2019-11-19 01:06:40.519007: reading nodes from text file..
2019-11-19 01:06:40.861621: reading graph from text file..
2019-11-19 01:06:40.986274: reading input..
2019-11-19 01:06:42.303773: launching pool of 48 workers.
2019-11-19 02:08:24.783341: done

real	8m28.526s
user	7m23.948s
sys	0m18.236s

real	3m47.036s
user	2m13.288s
sys	0m37.180s
